<?xml version="1.0" encoding="UTF-8"?>
<testsuite xmlns:xsi="http://www.w3.org/2001/XMLSchema-instance" xsi:noNamespaceSchemaLocation="https://maven.apache.org/surefire/maven-surefire-plugin/xsd/surefire-test-report-3.0.xsd" version="3.0" name="com.playgon.integration.StatisticsControllerIntegrationTest" time="2.561" tests="4" errors="0" skipped="0" failures="0">
  <properties>
[...]
</properties>
  <testcase name="testGetTopUrls" classname="com.playgon.integration.StatisticsControllerIntegrationTest" time="0.152">
    <system-out><![CDATA[2024-05-30T18:53:04.557-04:00  INFO 27312 --- [           main] o.s.b.d.r.RestartApplicationListener     : Restart disabled due to context in which it is running

  .   ____          _            __ _ _
 /\\ / ___'_ __ _ _(_)_ __  __ _ \ \ \ \
( ( )\___ | '_ | '_| | '_ \/ _` | \ \ \ \
 \\/  ___)| |_)| | | | | || (_| |  ) ) ) )
  '  |____| .__|_| |_|_| |_\__, | / / / /
 =========|_|==============|___/=/_/_/_/
 :: Spring Boot ::                (v3.2.0)

2024-05-30T18:53:04.596-04:00  INFO 27312 --- [           main] .p.i.StatisticsControllerIntegrationTest : Starting StatisticsControllerIntegrationTest using Java 21.0.2 with PID 27312 (started by ykcaj in C:\Jacky\Work\Interview\Playgon\Project\playgon)
2024-05-30T18:53:04.596-04:00  INFO 27312 --- [           main] .p.i.StatisticsControllerIntegrationTest : The following 1 profile is active: "dev"
2024-05-30T18:53:04.888-04:00  INFO 27312 --- [           main] .s.d.r.c.RepositoryConfigurationDelegate : Bootstrapping Spring Data JPA repositories in DEFAULT mode.
2024-05-30T18:53:04.939-04:00  INFO 27312 --- [           main] .s.d.r.c.RepositoryConfigurationDelegate : Finished Spring Data repository scanning in 41 ms. Found 1 JPA repository interface.
2024-05-30T18:53:05.196-04:00  INFO 27312 --- [           main] o.hibernate.jpa.internal.util.LogHelper  : HHH000204: Processing PersistenceUnitInfo [name: default]
2024-05-30T18:53:05.261-04:00  INFO 27312 --- [           main] org.hibernate.Version                    : HHH000412: Hibernate ORM core version 6.3.1.Final
2024-05-30T18:53:05.298-04:00  INFO 27312 --- [           main] o.h.c.internal.RegionFactoryInitiator    : HHH000026: Second-level cache disabled
2024-05-30T18:53:05.417-04:00  INFO 27312 --- [           main] o.s.o.j.p.SpringPersistenceUnitInfo      : No LoadTimeWeaver setup: ignoring JPA class transformer
2024-05-30T18:53:05.678-04:00  WARN 27312 --- [           main] org.hibernate.orm.deprecation            : HHH90000025: H2Dialect does not need to be specified explicitly using 'hibernate.dialect' (remove the property setting and it will be selected by default)
2024-05-30T18:53:06.361-04:00  INFO 27312 --- [           main] o.h.e.t.j.p.i.JtaPlatformInitiator       : HHH000489: No JTA platform available (set 'hibernate.transaction.jta.platform' to enable JTA platform integration)
Hibernate: 
    create table url_mappings (
        id bigint generated by default as identity,
        access_count integer not null,
        created_at timestamp(6) not null,
        long_url varchar(255) not null,
        short_url varchar(255) not null,
        primary key (id)
    )
Hibernate: 
    alter table if exists url_mappings 
       drop constraint if exists UK_a98hc01f7m9rikpt5s7uslgc5
Hibernate: 
    alter table if exists url_mappings 
       add constraint UK_a98hc01f7m9rikpt5s7uslgc5 unique (short_url)
2024-05-30T18:53:06.411-04:00  INFO 27312 --- [           main] j.LocalContainerEntityManagerFactoryBean : Initialized JPA EntityManagerFactory for persistence unit 'default'
2024-05-30T18:53:06.682-04:00  WARN 27312 --- [           main] JpaBaseConfiguration$JpaWebConfiguration : spring.jpa.open-in-view is enabled by default. Therefore, database queries may be performed during view rendering. Explicitly configure spring.jpa.open-in-view to disable this warning
2024-05-30T18:53:06.691-04:00  WARN 27312 --- [           main] .s.s.UserDetailsServiceAutoConfiguration : 

Using generated security password: 82df80f7-8ffb-4d1f-a740-9a9ac28b6127

This generated password is for development use only. Your security configuration must be updated before running your application in production.

2024-05-30T18:53:06.747-04:00  INFO 27312 --- [           main] o.s.s.web.DefaultSecurityFilterChain     : Will secure any request with [org.springframework.security.web.session.DisableEncodeUrlFilter@246701d5, org.springframework.security.web.context.request.async.WebAsyncManagerIntegrationFilter@1ac8f29c, org.springframework.security.web.context.SecurityContextHolderFilter@16ef07fa, org.springframework.security.web.header.HeaderWriterFilter@410c1f44, org.springframework.web.filter.CorsFilter@1d07d728, org.springframework.security.web.authentication.logout.LogoutFilter@26c7940a, org.springframework.security.web.authentication.UsernamePasswordAuthenticationFilter@44f86613, org.springframework.security.web.authentication.ui.DefaultLoginPageGeneratingFilter@50ccd6a, org.springframework.security.web.authentication.ui.DefaultLogoutPageGeneratingFilter@6d98e607, org.springframework.security.web.authentication.www.BasicAuthenticationFilter@5e05dd42, org.springframework.security.web.savedrequest.RequestCacheAwareFilter@7227e3f1, org.springframework.security.web.servletapi.SecurityContextHolderAwareRequestFilter@245b009a, org.springframework.security.web.authentication.AnonymousAuthenticationFilter@71ed3bc8, org.springframework.security.web.access.ExceptionTranslationFilter@7a1587e8, org.springframework.security.web.access.intercept.AuthorizationFilter@39e0fe23]
2024-05-30T18:53:06.857-04:00  INFO 27312 --- [           main] o.s.b.a.h2.H2ConsoleAutoConfiguration    : H2 console available at '/h2-console'. Database available at 'jdbc:h2:mem:testdb'
2024-05-30T18:53:06.885-04:00  INFO 27312 --- [           main] o.s.l.c.support.AbstractContextSource    : Property 'userDn' not set - anonymous context will be used for read-write operations
2024-05-30T18:53:06.913-04:00  INFO 27312 --- [           main] o.s.b.t.m.w.SpringBootMockServletContext : Initializing Spring TestDispatcherServlet ''
2024-05-30T18:53:06.913-04:00  INFO 27312 --- [           main] o.s.t.web.servlet.TestDispatcherServlet  : Initializing Servlet ''
2024-05-30T18:53:06.914-04:00  INFO 27312 --- [           main] o.s.t.web.servlet.TestDispatcherServlet  : Completed initialization in 1 ms
2024-05-30T18:53:06.920-04:00  INFO 27312 --- [           main] .p.i.StatisticsControllerIntegrationTest : Started StatisticsControllerIntegrationTest in 2.363 seconds (process running for 6.351)
Hibernate: 
    insert 
    into
        url_mappings
        (access_count, created_at, long_url, short_url, id) 
    values
        (?, ?, ?, ?, default)
Hibernate: 
    insert 
    into
        url_mappings
        (access_count, created_at, long_url, short_url, id) 
    values
        (?, ?, ?, ?, default)
2024-05-30T18:53:06.973-04:00  WARN 27312 --- [           main] o.s.w.s.h.HandlerMappingIntrospector     : Cache miss for REQUEST dispatch to '/api/stats/top' (previous null). Performing CorsConfiguration lookup. This is logged once only at WARN level, and every time at TRACE.
Hibernate: 
    select
        um1_0.id,
        um1_0.access_count,
        um1_0.created_at,
        um1_0.long_url,
        um1_0.short_url 
    from
        url_mappings um1_0 
    order by
        um1_0.access_count desc 
    fetch
        first ? rows only
]]></system-out>
  </testcase>
  <testcase name="testGetUrlAccessCount" classname="com.playgon.integration.StatisticsControllerIntegrationTest" time="0.02">
    <system-out><![CDATA[Hibernate: 
    insert 
    into
        url_mappings
        (access_count, created_at, long_url, short_url, id) 
    values
        (?, ?, ?, ?, default)
Hibernate: 
    select
        um1_0.id,
        um1_0.access_count,
        um1_0.created_at,
        um1_0.long_url,
        um1_0.short_url 
    from
        url_mappings um1_0 
    where
        um1_0.short_url=?
]]></system-out>
  </testcase>
  <testcase name="contextLoads" classname="com.playgon.integration.StatisticsControllerIntegrationTest" time="0.003">
    <system-out><![CDATA[Datasource URL: jdbc:h2:mem:testdb
]]></system-out>
  </testcase>
  <testcase name="testGetUrlAccessCount_NotFound" classname="com.playgon.integration.StatisticsControllerIntegrationTest" time="0.007">
    <system-out><![CDATA[Hibernate: 
    select
        um1_0.id,
        um1_0.access_count,
        um1_0.created_at,
        um1_0.long_url,
        um1_0.short_url 
    from
        url_mappings um1_0 
    where
        um1_0.short_url=?
]]></system-out>
  </testcase>
</testsuite>