<?xml version="1.0" encoding="UTF-8"?>
<testsuite xmlns:xsi="http://www.w3.org/2001/XMLSchema-instance" xsi:noNamespaceSchemaLocation="https://maven.apache.org/surefire/maven-surefire-plugin/xsd/surefire-test-report-3.0.xsd" version="3.0" name="com.playgon.controller.StatisticsControllerTest" time="3.027" tests="3" errors="0" skipped="0" failures="0">
  <properties>
[...]
</properties>
  <testcase name="testGetTopUrls" classname="com.playgon.controller.StatisticsControllerTest" time="0.199">
    <system-out><![CDATA[18:53:01.306 [main] INFO org.springframework.test.context.support.AnnotationConfigContextLoaderUtils -- Could not detect default configuration classes for test class [com.playgon.controller.StatisticsControllerTest]: StatisticsControllerTest does not declare any static, non-private, non-final, nested classes annotated with @Configuration.
18:53:01.471 [main] INFO org.springframework.boot.test.context.SpringBootTestContextBootstrapper -- Found @SpringBootConfiguration com.playgon.PlaygonBackendApplication for test class com.playgon.controller.StatisticsControllerTest
18:53:01.559 [main] INFO org.springframework.boot.devtools.restart.RestartApplicationListener -- Restart disabled due to context in which it is running

  .   ____          _            __ _ _
 /\\ / ___'_ __ _ _(_)_ __  __ _ \ \ \ \
( ( )\___ | '_ | '_| | '_ \/ _` | \ \ \ \
 \\/  ___)| |_)| | | | | || (_| |  ) ) ) )
  '  |____| .__|_| |_|_| |_\__, | / / / /
 =========|_|==============|___/=/_/_/_/
 :: Spring Boot ::                (v3.2.0)

2024-05-30T18:53:01.813-04:00  INFO 27312 --- [           main] c.p.controller.StatisticsControllerTest  : Starting StatisticsControllerTest using Java 21.0.2 with PID 27312 (started by ykcaj in C:\Jacky\Work\Interview\Playgon\Project\playgon)
2024-05-30T18:53:01.814-04:00  INFO 27312 --- [           main] c.p.controller.StatisticsControllerTest  : No active profile set, falling back to 1 default profile: "default"
2024-05-30T18:53:03.416-04:00  WARN 27312 --- [           main] .s.s.UserDetailsServiceAutoConfiguration : 

Using generated security password: 23f6d666-35fa-4de2-9bc3-06e47ea42d39

This generated password is for development use only. Your security configuration must be updated before running your application in production.

2024-05-30T18:53:03.721-04:00  INFO 27312 --- [           main] o.s.s.web.DefaultSecurityFilterChain     : Will secure any request with [org.springframework.security.web.session.DisableEncodeUrlFilter@5822ecda, org.springframework.security.web.context.request.async.WebAsyncManagerIntegrationFilter@5908e6d6, org.springframework.security.web.context.SecurityContextHolderFilter@4438b862, org.springframework.security.web.header.HeaderWriterFilter@35dcd032, org.springframework.web.filter.CorsFilter@7afbf2a0, org.springframework.security.web.authentication.logout.LogoutFilter@106cd9c8, org.springframework.security.web.authentication.UsernamePasswordAuthenticationFilter@3513d214, org.springframework.security.web.authentication.ui.DefaultLoginPageGeneratingFilter@32dcfeea, org.springframework.security.web.authentication.ui.DefaultLogoutPageGeneratingFilter@2a6fb62f, org.springframework.security.web.authentication.www.BasicAuthenticationFilter@547aaa32, org.springframework.security.web.savedrequest.RequestCacheAwareFilter@44fb6ebd, org.springframework.security.web.servletapi.SecurityContextHolderAwareRequestFilter@5da57a64, org.springframework.security.web.authentication.AnonymousAuthenticationFilter@65e4cb84, org.springframework.security.web.access.ExceptionTranslationFilter@184751f3, org.springframework.security.web.access.intercept.AuthorizationFilter@55951fcd]
2024-05-30T18:53:03.900-04:00  INFO 27312 --- [           main] o.s.b.t.m.w.SpringBootMockServletContext : Initializing Spring TestDispatcherServlet ''
2024-05-30T18:53:03.900-04:00  INFO 27312 --- [           main] o.s.t.web.servlet.TestDispatcherServlet  : Initializing Servlet ''
2024-05-30T18:53:03.902-04:00  INFO 27312 --- [           main] o.s.t.web.servlet.TestDispatcherServlet  : Completed initialization in 1 ms
2024-05-30T18:53:03.921-04:00  INFO 27312 --- [           main] c.p.controller.StatisticsControllerTest  : Started StatisticsControllerTest in 2.372 seconds (process running for 3.352)
2024-05-30T18:53:03.997-04:00  WARN 27312 --- [           main] o.s.w.s.h.HandlerMappingIntrospector     : Cache miss for REQUEST dispatch to '/api/stats/top' (previous null). Performing CorsConfiguration lookup. This is logged once only at WARN level, and every time at TRACE.
]]></system-out>
    <system-err><![CDATA[WARNING: A Java agent has been loaded dynamically (C:\Users\ykcaj\.m2\repository\net\bytebuddy\byte-buddy-agent\1.14.10\byte-buddy-agent-1.14.10.jar)
WARNING: If a serviceability tool is in use, please run with -XX:+EnableDynamicAgentLoading to hide this warning
WARNING: If a serviceability tool is not in use, please run with -Djdk.instrument.traceUsage for more information
WARNING: Dynamic loading of agents will be disallowed by default in a future release
]]></system-err>
  </testcase>
  <testcase name="testGetUrlAccessCount" classname="com.playgon.controller.StatisticsControllerTest" time="0.029"/>
  <testcase name="testGetUrlAccessCount_NotFound" classname="com.playgon.controller.StatisticsControllerTest" time="0.006"/>
</testsuite>